<?xml version="1.0" encoding="utf-8"?>
<CoverageSession>
  <Summary numSequencePoints="14" visitedSequencePoints="14" numBranchPoints="0" visitedBranchPoints="0" sequenceCoverage="100" branchCoverage="100" maxCyclomaticComplexity="4" minCyclomaticComplexity="4" visitedClasses="4" numClasses="4" visitedMethods="4" numMethods="4" />
  <Modules>
    <Module hash="BA597846-BAF3-4C5A-A4CD-69BCADD58233">
      <ModulePath>MarketTecBotApiNet5.dll</ModulePath>
      <ModuleTime>2022-02-04T12:08:58</ModuleTime>
      <ModuleName>MarketTecBotApiNet5</ModuleName>
      <Files>
        <File uid="1" fullPath="C:\Users\rojas\source\repos\MarketTecBotApiNet5\MarketTecBotApiNet5\Controllers\DirectLineController.cs" />
        <File uid="2" fullPath="C:\Users\rojas\source\repos\MarketTecBotApiNet5\MarketTecBotApiNet5\Controllers\DirectLineSpeechController.cs" />
      </Files>
      <Classes>
        <Class>
          <Summary numSequencePoints="4" visitedSequencePoints="4" numBranchPoints="0" visitedBranchPoints="0" sequenceCoverage="100" branchCoverage="100" maxCyclomaticComplexity="1" minCyclomaticComplexity="1" visitedClasses="1" numClasses="1" visitedMethods="1" numMethods="1" />
          <FullName>MarketTecBotApiNet5.Controllers.DirectLineController</FullName>
          <Methods>
            <Method cyclomaticComplexity="1" nPathComplexity="1" sequenceCoverage="100" branchCoverage="100" isConstructor="True" isGetter="False" isSetter="False" isStatic="True">
              <Summary numSequencePoints="4" visitedSequencePoints="4" numBranchPoints="0" visitedBranchPoints="0" sequenceCoverage="100" branchCoverage="100" maxCyclomaticComplexity="1" minCyclomaticComplexity="1" visitedClasses="0" numClasses="0" visitedMethods="1" numMethods="1" />
              <MetadataToken />
              <Name>System.Void MarketTecBotApiNet5.Controllers.DirectLineController::.ctor(MarketTecBotApiNet5.Services.DirectLine.IDirectLineService)</Name>
              <FileRef uid="1" />
              <SequencePoints>
                <SequencePoint vc="1" uspid="17" ordinal="0" sl="17" sc="1" el="17" ec="2" bec="0" bev="0" fileid="1" />
                <SequencePoint vc="1" uspid="18" ordinal="1" sl="18" sc="1" el="18" ec="2" bec="0" bev="0" fileid="1" />
                <SequencePoint vc="1" uspid="19" ordinal="2" sl="19" sc="1" el="19" ec="2" bec="0" bev="0" fileid="1" />
                <SequencePoint vc="1" uspid="20" ordinal="3" sl="20" sc="1" el="20" ec="2" bec="0" bev="0" fileid="1" />
              </SequencePoints>
              <BranchPoints />
              <MethodPoint vc="4" uspid="0" p8:type="SequencePoint" ordinal="0" offset="0" sc="0" sl="17" ec="1" el="20" bec="0" bev="0" fileid="1" xmlns:p8="xsi" />
            </Method>
          </Methods>
        </Class>
        <Class>
          <Summary numSequencePoints="3" visitedSequencePoints="3" numBranchPoints="0" visitedBranchPoints="0" sequenceCoverage="100" branchCoverage="100" maxCyclomaticComplexity="1" minCyclomaticComplexity="1" visitedClasses="1" numClasses="1" visitedMethods="1" numMethods="1" />
          <FullName>MarketTecBotApiNet5.Controllers.DirectLineController/&lt;Post&gt;d__2</FullName>
          <Methods>
            <Method cyclomaticComplexity="1" nPathComplexity="1" sequenceCoverage="100" branchCoverage="100" isConstructor="False" isGetter="False" isSetter="False" isStatic="True">
              <Summary numSequencePoints="3" visitedSequencePoints="3" numBranchPoints="0" visitedBranchPoints="0" sequenceCoverage="100" branchCoverage="100" maxCyclomaticComplexity="1" minCyclomaticComplexity="1" visitedClasses="0" numClasses="0" visitedMethods="1" numMethods="1" />
              <MetadataToken />
              <Name>System.Void MarketTecBotApiNet5.Controllers.DirectLineController/&lt;Post&gt;d__2::MoveNext()</Name>
              <FileRef uid="1" />
              <SequencePoints>
                <SequencePoint vc="1" uspid="24" ordinal="0" sl="24" sc="1" el="24" ec="2" bec="0" bev="0" fileid="1" />
                <SequencePoint vc="1" uspid="25" ordinal="1" sl="25" sc="1" el="25" ec="2" bec="0" bev="0" fileid="1" />
                <SequencePoint vc="1" uspid="26" ordinal="2" sl="26" sc="1" el="26" ec="2" bec="0" bev="0" fileid="1" />
              </SequencePoints>
              <BranchPoints />
              <MethodPoint vc="3" uspid="0" p8:type="SequencePoint" ordinal="0" offset="0" sc="0" sl="24" ec="1" el="26" bec="0" bev="0" fileid="1" xmlns:p8="xsi" />
            </Method>
          </Methods>
        </Class>
        <Class>
          <Summary numSequencePoints="4" visitedSequencePoints="4" numBranchPoints="0" visitedBranchPoints="0" sequenceCoverage="100" branchCoverage="100" maxCyclomaticComplexity="1" minCyclomaticComplexity="1" visitedClasses="1" numClasses="1" visitedMethods="1" numMethods="1" />
          <FullName>MarketTecBotApiNet5.Controllers.DirectLineSpeechController</FullName>
          <Methods>
            <Method cyclomaticComplexity="1" nPathComplexity="1" sequenceCoverage="100" branchCoverage="100" isConstructor="True" isGetter="False" isSetter="False" isStatic="True">
              <Summary numSequencePoints="4" visitedSequencePoints="4" numBranchPoints="0" visitedBranchPoints="0" sequenceCoverage="100" branchCoverage="100" maxCyclomaticComplexity="1" minCyclomaticComplexity="1" visitedClasses="0" numClasses="0" visitedMethods="1" numMethods="1" />
              <MetadataToken />
              <Name>System.Void MarketTecBotApiNet5.Controllers.DirectLineSpeechController::.ctor(MarketTecBotApiNet5.Services.DirectLine.IDirectLineSpeechService)</Name>
              <FileRef uid="2" />
              <SequencePoints>
                <SequencePoint vc="1" uspid="20" ordinal="0" sl="20" sc="1" el="20" ec="2" bec="0" bev="0" fileid="2" />
                <SequencePoint vc="1" uspid="21" ordinal="1" sl="21" sc="1" el="21" ec="2" bec="0" bev="0" fileid="2" />
                <SequencePoint vc="1" uspid="22" ordinal="2" sl="22" sc="1" el="22" ec="2" bec="0" bev="0" fileid="2" />
                <SequencePoint vc="1" uspid="23" ordinal="3" sl="23" sc="1" el="23" ec="2" bec="0" bev="0" fileid="2" />
              </SequencePoints>
              <BranchPoints />
              <MethodPoint vc="4" uspid="0" p8:type="SequencePoint" ordinal="0" offset="0" sc="0" sl="20" ec="1" el="23" bec="0" bev="0" fileid="2" xmlns:p8="xsi" />
            </Method>
          </Methods>
        </Class>
        <Class>
          <Summary numSequencePoints="3" visitedSequencePoints="3" numBranchPoints="0" visitedBranchPoints="0" sequenceCoverage="100" branchCoverage="100" maxCyclomaticComplexity="1" minCyclomaticComplexity="1" visitedClasses="1" numClasses="1" visitedMethods="1" numMethods="1" />
          <FullName>MarketTecBotApiNet5.Controllers.DirectLineSpeechController/&lt;Post&gt;d__2</FullName>
          <Methods>
            <Method cyclomaticComplexity="1" nPathComplexity="1" sequenceCoverage="100" branchCoverage="100" isConstructor="False" isGetter="False" isSetter="False" isStatic="True">
              <Summary numSequencePoints="3" visitedSequencePoints="3" numBranchPoints="0" visitedBranchPoints="0" sequenceCoverage="100" branchCoverage="100" maxCyclomaticComplexity="1" minCyclomaticComplexity="1" visitedClasses="0" numClasses="0" visitedMethods="1" numMethods="1" />
              <MetadataToken />
              <Name>System.Void MarketTecBotApiNet5.Controllers.DirectLineSpeechController/&lt;Post&gt;d__2::MoveNext()</Name>
              <FileRef uid="2" />
              <SequencePoints>
                <SequencePoint vc="1" uspid="27" ordinal="0" sl="27" sc="1" el="27" ec="2" bec="0" bev="0" fileid="2" />
                <SequencePoint vc="1" uspid="28" ordinal="1" sl="28" sc="1" el="28" ec="2" bec="0" bev="0" fileid="2" />
                <SequencePoint vc="1" uspid="29" ordinal="2" sl="29" sc="1" el="29" ec="2" bec="0" bev="0" fileid="2" />
              </SequencePoints>
              <BranchPoints />
              <MethodPoint vc="3" uspid="0" p8:type="SequencePoint" ordinal="0" offset="0" sc="0" sl="27" ec="1" el="29" bec="0" bev="0" fileid="2" xmlns:p8="xsi" />
            </Method>
          </Methods>
        </Class>
      </Classes>
    </Module>
  </Modules>
</CoverageSession>